# (C) 2004-2007 Denora Team
# Contact us at info@nomadirc.net
#
# Please read COPYING and README for furhter details.
#
# $Id$

VERSION_MAJOR="1"
VERSION_MINOR="3"
VERSION_PATCH="0"
VERSION_EXTRA="SVN"
VERSION_BUILD="29"

# $Log$
#
# BUILD : 1.3.0 (29)
# BUGS  : 390
# NOTES : Fixed compiling issue on x86_64 machines. Thanks Obi_wan for the x64 box
#
# BUILD : 1.3.0 (28)
# BUGS  : N/A
# NOTES : ERROR 1064 at line 454: You have an error in your SQL syntax. Fixed denora.sql
#
# BUILD : 1.3.0 (27)
# BUGS  : N/A
# NOTES : Moved variable asignation down to variable declaration. Didnt compile with GCC 4
#
# BUILD : 1.3.0.26 (SVN)
# BUGS  : 397
# NOTES : Empty SWHOIS message now handled correctly
#
# BUILD : 1.3.0.25 (SVN)
# BUGS  : N/A
# NOTES : Updated email address in register utility
#
# BUILD : 1.3.0.24 (SVN)
# BUGS  : N/A
# NOTES : Hehe, missed most of the patches in the last commit.
#
# BUILD : 1.3.0.23 (SVN)
# BUGS  : 377,380
# NOTES : Fixed version message defined twice in InspIRCd 1.1. Fixed GeoIP not working correctly on InspIRCd 1.1. Added swhois support to nefarious. 
# Added P10 account support. Little fix to example conf files.
#
# BUILD : 1.3.0.22 (SVN)
# BUGS  : N/A
# NOTES : Fixed AutoMode forced to +o in nefarious. Fixed segfault on server/global notice in nefarious. Fixed segfault in m_away.
#
# BUILD : 1.3.0.21 (SVN)
# BUGS  : N/A
# NOTES : Fixed wrong handling of chan modes in p10 burst. Improved P10 hidden host support. Improved nefarious nick parser. Send ip instead of host 
# to GeoIP for improved performance and reliability. Some other small fixes.
#
# BUILD : 1.3.0.20 (SVN)
# BUGS  : 371,373
# NOTES : Fixed kicked users not being removed from count and ison. Optimized sql on chan part a bit. Small fix in nick tracking queries.
#
# BUILD : 1.3.0.19 (SVN)
# BUGS  : N/A
# NOTES : Fixed segfault on channel notice in nefarious.
#
# BUILD : 1.3.0.18 (SVN)
# BUGS  : N/A
# NOTES : Updated copyright info for 2007
#
# BUILD : 1.3.0.17 (SVN)
# BUGS  : N/A
# NOTES : Some Nefarious updates and P10-related fixes
#
# BUILD : 1.3.0.16 (SVN)
# BUGS  : N/A
# NOTES : Fixed except support in P10 burst function. Fixed channel bans not parsed correctly on P10 burst. Fixed version replies not handled correctly 
# in nefarious.
#
# BUILD : 1.3.0.15 (SVN)
# BUGS  : N/A
# NOTES : Oops, GeoIP not updated on last commit 
#
# BUILD : 1.3.0.14 (SVN)
# BUGS  : 372
# NOTES : Fixed inspircd11 module not parsing JOIN correctly. Updated GeoIP.dat.
#
# BUILD : 1.3.0.13 (SVN)
# BUGS  : N/A
# NOTES : Some patches by OUTsider: Improved query generation in sql_do_addusers. Use strlcpy/strlcat instead of strcpy/strcat. Make P10 send EA only 
# when EOB comes from uplink server. Updated Dutch language file.
#
# BUILD : 1.3.0.12 (SVN)
# BUGS  : N/A
# NOTES : SVN moved back to original placed, adapted again. Changed versioning and bumped version to 1.3 because of revision reset.
#
# BUILD : 1.2.0 (11)
# BUGS  : 363
# NOTES : Fixed Denora crashing on certain user quits/parts.
#
# BUILD : 1.2.0 (10)
# BUGS  : 346,348,364
# NOTES : Added vhost support to Nefarious. Fixed many P10-related bugs, 
# especially on Nefarious. Fixed P10 nicks getting truncated in 
# sql_do_addusers.
#
# BUILD : 1.2.0 (9)
# BUGS  : 365
# NOTES : SWHOIS is now being reset on reconnect. Fixed channel sometimes not being lowercased correctly on sql creation.
#
# BUILD : 1.2.0 (8)
# BUGS  : N/A
# NOTES : Added support for admin users stored into SQL. Added ADMIN LIST|SHOW|SETPASS commands. ADMIN ADD|DEL|SETPASS and REBOOT|SHUTDOWN for 
# config file admins only.
#
# BUILD : 1.2.0 (7)
# BUGS  : N/A
# NOTES : Adaptations to the new repo
#
# BUILD : 1.2.0 (6)
# BUGS  : N/A
# NOTES : Fixes to last commit
#
# BUILD : 1.2.0 (5)
# BUGS  : N/A
# NOTES : Denora 1.2.0 revision 742
#
# BUILD : 1.2.0 (4)
# BUGS  : N/A
# NOTES : Updated version.log
#
# BUILD : 1.2.0 (3)
# BUGS  : N/A
# NOTES : Denora 1.2.0 revision 733
#
# BUILD : 1.2.0 (2)
# BUGS  : N/A
# NOTES : Set Id keyword on all files
#
# BUILD : 1.2.0 (1)
# BUGS  : N/A
# NOTES : Initial import (Denora 1.2.0-RC4 revision 717)
#

